;;; 
Export: Release 11.2.0.4.0 - Production on Wed Apr 27 11:39:55 2016

Copyright (c) 1982, 2011, Oracle and/or its affiliates.  All rights reserved.
;;; 
Connected to: Oracle Database 11g Enterprise Edition Release 11.2.0.4.0 - 64bit Production
With the Partitioning, OLAP, Data Mining and Real Application Testing options
Starting "DBA47"."SYS_EXPORT_SCHEMA_01":  dba47/******** directory=dp_dba47 dumpfile=dba47%u.dmp schemas=dba47 
Estimate in progress using BLOCKS method...
Processing object type SCHEMA_EXPORT/TABLE/TABLE_DATA
Total estimation using BLOCKS method: 320 KB
Processing object type SCHEMA_EXPORT/USER
Processing object type SCHEMA_EXPORT/SYSTEM_GRANT
Processing object type SCHEMA_EXPORT/ROLE_GRANT
Processing object type SCHEMA_EXPORT/DEFAULT_ROLE
Processing object type SCHEMA_EXPORT/TABLESPACE_QUOTA
Processing object type SCHEMA_EXPORT/PRE_SCHEMA/PROCACT_SCHEMA
Processing object type SCHEMA_EXPORT/TABLE/TABLE
Processing object type SCHEMA_EXPORT/TABLE/GRANT/OWNER_GRANT/OBJECT_GRANT
Processing object type SCHEMA_EXPORT/TABLE/COMMENT
Processing object type SCHEMA_EXPORT/TABLE/INDEX/INDEX
Processing object type SCHEMA_EXPORT/TABLE/CONSTRAINT/CONSTRAINT
Processing object type SCHEMA_EXPORT/TABLE/INDEX/STATISTICS/INDEX_STATISTICS
Processing object type SCHEMA_EXPORT/VIEW/VIEW
Processing object type SCHEMA_EXPORT/VIEW/GRANT/OWNER_GRANT/OBJECT_GRANT
Processing object type SCHEMA_EXPORT/TABLE/STATISTICS/TABLE_STATISTICS
. . exported "DBA47"."DBA47"                             8.742 KB      27 rows
. . exported "DBA47"."EXPENDITURES"                      6.312 KB      16 rows
. . exported "DBA47"."HALL_OF_FAME"                      6.054 KB      19 rows
. . exported "DBA47"."LATE_LIST"                         6.867 KB      61 rows
. . exported "DBA47"."LIBRARY"                           6.242 KB       1 rows
Master table "DBA47"."SYS_EXPORT_SCHEMA_01" successfully loaded/unloaded
******************************************************************************
Dump file set for DBA47.SYS_EXPORT_SCHEMA_01 is:
  /u01/datapump/dba4701.dmp
Job "DBA47"."SYS_EXPORT_SCHEMA_01" successfully completed at Wed Apr 27 11:41:58 2016 elapsed 0 00:01:49
